#
# There is insufficient memory for the Java Runtime Environment to continue.
# Native memory allocation (mmap) failed to map 264241152 bytes for Failed to commit area from 0x0000000704000000 to 0x0000000713c00000 of length 264241152.
# Possible reasons:
#   The system is out of physical RAM or swap space
#   The process is running with CompressedOops enabled, and the Java Heap may be blocking the growth of the native heap
# Possible solutions:
#   Reduce memory load on the system
#   Increase physical memory or swap space
#   Check if swap backing store is full
#   Decrease Java heap size (-Xmx/-Xms)
#   Decrease number of Java threads
#   Decrease Java thread stack sizes (-Xss)
#   Set larger code cache with -XX:ReservedCodeCacheSize=
# This output file may be truncated or incomplete.
#
#  Out of Memory Error (./src/hotspot/os/windows/os_windows.cpp:3521), pid=40308, tid=40712
#
# JRE version:  (11.0.12+7) (build )
# Java VM: OpenJDK 64-Bit Server VM (11.0.12+7-b1504.28, mixed mode, sharing, tiered, compressed oops, g1 gc, windows-amd64)
# No core dump will be written. Minidumps are not enabled by default on client versions of Windows
#

---------------  S U M M A R Y ------------

Command Line: git4idea.http.GitAskPassApp Username for 'https://gitlab.com': 

Host: 11th Gen Intel(R) Core(TM) i7-11800H @ 2.30GHz, 16 cores, 15G,  Windows 10 , 64 bit Build 22621 (10.0.22621.1485)
Time: Fri Apr 14 15:32:49 2023 South Africa Standard Time elapsed time: 0.085069 seconds (0d 0h 0m 0s)

---------------  T H R E A D  ---------------

Current thread (0x00000240feda6000):  JavaThread "Unknown thread" [_thread_in_vm, id=40712, stack(0x0000005494100000,0x0000005494200000)]

Stack: [0x0000005494100000,0x0000005494200000]
Native frames: (J=compiled Java code, j=interpreted, Vv=VM code, C=native code)
V  [jvm.dll+0x5ff40a]
V  [jvm.dll+0x783b65]
V  [jvm.dll+0x78517d]
V  [jvm.dll+0x785833]
V  [jvm.dll+0x249408]
V  [jvm.dll+0x5fc7f4]
V  [jvm.dll+0x5f13c5]
V  [jvm.dll+0x3076bb]
V  [jvm.dll+0x30762a]
V  [jvm.dll+0x307502]
V  [jvm.dll+0x30c466]
V  [jvm.dll+0x355543]
V  [jvm.dll+0x355c46]
V  [jvm.dll+0x355643]
V  [jvm.dll+0x2e2018]
V  [jvm.dll+0x2e31c7]
V  [jvm.dll+0x761f57]
V  [jvm.dll+0x76374c]
V  [jvm.dll+0x362ab9]
V  [jvm.dll+0x7455be]
V  [jvm.dll+0x3cb673]
V  [jvm.dll+0x3cda21]
C  [jli.dll+0x536b]
C  [ucrtbase.dll+0x29363]
C  [KERNEL32.DLL+0x1269d]
C  [ntdll.dll+0x5a9f8]


---------------  P R O C E S S  ---------------

Threads class SMR info:
_java_thread_list=0x00000240fcaf8080, length=0, elements={
}

Java Threads: ( => current thread )

Other Threads:
  0x00000240fedbf000 GCTaskThread "GC Thread#0" [stack: 0x0000005494200000,0x0000005494300000] [id=13680]
  0x00000240fee1c000 ConcurrentGCThread "G1 Main Marker" [stack: 0x0000005494300000,0x0000005494400000] [id=35964]
  0x00000240fee1e800 ConcurrentGCThread "G1 Conc#0" [stack: 0x0000005494400000,0x0000005494500000] [id=30924]

[error occurred during error reporting (printing all threads), id 0xc0000005, EXCEPTION_ACCESS_VIOLATION (0xc0000005) at pc=0x00007ffad9db27a7]

VM state:not at safepoint (not fully initialized)

VM Mutex/Monitor currently owned by a thread:  ([mutex/lock_event])
[0x00000240feda30c0] Heap_lock - owner thread: 0x00000240feda6000

Heap address: 0x0000000704000000, size: 4032 MB, Compressed Oops mode: Non-zero based: 0x0000000704000000
Narrow klass base: 0x0000000000000000, Narrow klass shift: 0

GC Heap History (0 events):
No events

Deoptimization events (0 events):
No events

Classes redefined (0 events):
No events

Internal exceptions (0 events):
No events

Events (1 events):
Event: 0.080 Loaded shared library C:\Program Files\JetBrains\WebStorm 2021.2.2\jbr\bin\zip.dll


Dynamic libraries:
0x00007ff74d900000 - 0x00007ff74d90a000 	C:\Program Files\JetBrains\WebStorm 2021.2.2\jbr\bin\java.exe
0x00007ffb6ab30000 - 0x00007ffb6ad44000 	C:\WINDOWS\SYSTEM32\ntdll.dll
0x00007ffb69410000 - 0x00007ffb694d2000 	C:\WINDOWS\System32\KERNEL32.DLL
0x00007ffb685a0000 - 0x00007ffb6893c000 	C:\WINDOWS\System32\KERNELBASE.dll
0x00007ffb60370000 - 0x00007ffb60406000 	C:\WINDOWS\SYSTEM32\apphelp.dll
0x00007ffb68340000 - 0x00007ffb68451000 	C:\WINDOWS\System32\ucrtbase.dll
0x00007ffb40c80000 - 0x00007ffb40c99000 	C:\Program Files\JetBrains\WebStorm 2021.2.2\jbr\bin\jli.dll
0x00007ffb69ce0000 - 0x00007ffb69e8b000 	C:\WINDOWS\System32\USER32.dll
0x00007ffb681f0000 - 0x00007ffb68216000 	C:\WINDOWS\System32\win32u.dll
0x00007ffb69870000 - 0x00007ffb69899000 	C:\WINDOWS\System32\GDI32.dll
0x00007ffb68220000 - 0x00007ffb68333000 	C:\WINDOWS\System32\gdi32full.dll
0x00007ffb68150000 - 0x00007ffb681ea000 	C:\WINDOWS\System32\msvcp_win.dll
0x00007ffb34330000 - 0x00007ffb34347000 	C:\Program Files\JetBrains\WebStorm 2021.2.2\jbr\bin\VCRUNTIME140.dll
0x00007ffb564a0000 - 0x00007ffb5672e000 	C:\WINDOWS\WinSxS\amd64_microsoft.windows.common-controls_6595b64144ccf1df_6.0.22621.608_none_a9444ca7c10bb01d\COMCTL32.dll
0x00007ffb69280000 - 0x00007ffb69327000 	C:\WINDOWS\System32\msvcrt.dll
0x00007ffb690a0000 - 0x00007ffb690d1000 	C:\WINDOWS\System32\IMM32.DLL
0x00007ffae4230000 - 0x00007ffae42cd000 	C:\Program Files\JetBrains\WebStorm 2021.2.2\jbr\bin\msvcp140.dll
0x00007ffad9ac0000 - 0x00007ffada618000 	C:\Program Files\JetBrains\WebStorm 2021.2.2\jbr\bin\server\jvm.dll
0x00007ffb68ff0000 - 0x00007ffb6909e000 	C:\WINDOWS\System32\ADVAPI32.dll
0x00007ffb698a0000 - 0x00007ffb69944000 	C:\WINDOWS\System32\sechost.dll
0x00007ffb6a8d0000 - 0x00007ffb6a9e7000 	C:\WINDOWS\System32\RPCRT4.dll
0x00007ffb68b00000 - 0x00007ffb68b08000 	C:\WINDOWS\System32\PSAPI.DLL
0x00007ffb54bc0000 - 0x00007ffb54bc9000 	C:\WINDOWS\SYSTEM32\WSOCK32.dll
0x00007ffb69e90000 - 0x00007ffb69f01000 	C:\WINDOWS\System32\WS2_32.dll
0x00007ffb5ce00000 - 0x00007ffb5ce34000 	C:\WINDOWS\SYSTEM32\WINMM.dll
0x00007ffb5cd40000 - 0x00007ffb5cd4a000 	C:\WINDOWS\SYSTEM32\VERSION.dll
0x00007ffb670b0000 - 0x00007ffb670c8000 	C:\WINDOWS\SYSTEM32\kernel.appcore.dll
0x00007ffb5b5c0000 - 0x00007ffb5b5d1000 	C:\Program Files\JetBrains\WebStorm 2021.2.2\jbr\bin\verify.dll
0x00007ffb658a0000 - 0x00007ffb65ace000 	C:\WINDOWS\SYSTEM32\DBGHELP.DLL
0x00007ffb69950000 - 0x00007ffb69cd9000 	C:\WINDOWS\System32\combase.dll
0x00007ffb69550000 - 0x00007ffb69627000 	C:\WINDOWS\System32\OLEAUT32.dll
0x00007ffb5bc70000 - 0x00007ffb5bca2000 	C:\WINDOWS\SYSTEM32\dbgcore.DLL
0x00007ffb68460000 - 0x00007ffb684db000 	C:\WINDOWS\System32\bcryptPrimitives.dll
0x00007ffb4a470000 - 0x00007ffb4a499000 	C:\Program Files\JetBrains\WebStorm 2021.2.2\jbr\bin\java.dll
0x00007ffb5b520000 - 0x00007ffb5b52b000 	C:\Program Files\JetBrains\WebStorm 2021.2.2\jbr\bin\jimage.dll
0x00007ffb52210000 - 0x00007ffb52228000 	C:\Program Files\JetBrains\WebStorm 2021.2.2\jbr\bin\zip.dll

dbghelp: loaded successfully - version: 4.0.5 - missing functions: none
symbol engine: initialized successfully - sym options: 0x614 - pdb path: .;C:\Program Files\JetBrains\WebStorm 2021.2.2\jbr\bin;C:\WINDOWS\SYSTEM32;C:\WINDOWS\WinSxS\amd64_microsoft.windows.common-controls_6595b64144ccf1df_6.0.22621.608_none_a9444ca7c10bb01d;C:\Program Files\JetBrains\WebStorm 2021.2.2\jbr\bin\server

VM Arguments:
java_command: git4idea.http.GitAskPassApp Username for 'https://gitlab.com': 
java_class_path (initial): C:/Program Files/JetBrains/WebStorm 2021.2.2/plugins/git4idea/lib/git4idea-rt.jar;C:/Program Files/JetBrains/WebStorm 2021.2.2/lib/3rd-party.jar
Launcher Type: SUN_STANDARD

[Global flags]
     intx CICompilerCount                          = 12                                        {product} {ergonomic}
     uint ConcGCThreads                            = 3                                         {product} {ergonomic}
     uint G1ConcRefinementThreads                  = 13                                        {product} {ergonomic}
   size_t G1HeapRegionSize                         = 1048576                                   {product} {ergonomic}
    uintx GCDrainStackTargetSize                   = 64                                        {product} {ergonomic}
   size_t InitialHeapSize                          = 264241152                                 {product} {ergonomic}
   size_t MarkStackSize                            = 4194304                                   {product} {ergonomic}
   size_t MaxHeapSize                              = 4227858432                                {product} {ergonomic}
   size_t MinHeapDeltaBytes                        = 1048576                                   {product} {ergonomic}
    uintx NonNMethodCodeHeapSize                   = 7594288                                {pd product} {ergonomic}
    uintx NonProfiledCodeHeapSize                  = 122031976                              {pd product} {ergonomic}
    uintx ProfiledCodeHeapSize                     = 122031976                              {pd product} {ergonomic}
    uintx ReservedCodeCacheSize                    = 251658240                              {pd product} {ergonomic}
     bool SegmentedCodeCache                       = true                                      {product} {ergonomic}
     bool UseCompressedClassPointers               = true                                 {lp64_product} {ergonomic}
     bool UseCompressedOops                        = true                                 {lp64_product} {ergonomic}
     bool UseG1GC                                  = true                                      {product} {ergonomic}
     bool UseLargePagesIndividualAllocation        = false                                  {pd product} {ergonomic}

Logging:
Log output configuration:
 #0: stdout all=warning uptime,level,tags
 #1: stderr all=off uptime,level,tags

Environment Variables:
PATH=C:/Program Files/Git/mingw64/libexec/git-core;C:/Program Files/Git/mingw64/libexec/git-core;C:\Program Files\Git\mingw64\bin;C:\Program Files\Git\usr\bin;C:\Users\nelso\bin;C:\Program Files\Common Files\Oracle\Java\javapath;C:\Program Files (x86)\Common Files\Oracle\Java\javapath;C:\Windows\system32;C:\Windows;C:\Windows\System32\Wbem;C:\Windows\System32\WindowsPowerShell\v1.0\;C:\Windows\System32\OpenSSH\;C:\Program Files (x86)\NVIDIA Corporation\PhysX\Common;C:\Program Files\NVIDIA Corporation\NVIDIA NvDLISR;C:\WINDOWS\system32;C:\WINDOWS;C:\WINDOWS\System32\Wbem;C:\WINDOWS\System32\WindowsPowerShell\v1.0\;C:\WINDOWS\System32\OpenSSH\;C:\Program Files\dotnet\;C:\Program Files\nodejs\;C:\Program Files\Git\cmd;C:\Program Files\Docker\Docker\resources\bin;C:\src\flutter\bin;\Users\nelso\AppData\Roaming\npm;C:\Users\nelso\AppData\Local\Programs\Python\Python310\Scripts\;C:\Users\nelso\AppData\Local\Programs\Python\Python310\;C:\Users\nelso\AppData\Local\Microsoft\WindowsApps;C:\Program Files\JetBrains\WebStorm 2021.2.2\bin;C:\Users\nelso\AppData\Roaming\npm;C:\Users\nelso\AppData\Local\Programs\Microsoft VS Code\bin
USERNAME=nelso
DISPLAY=:0.0
LC_ALL=en_US.UTF-8
OS=Windows_NT
PROCESSOR_IDENTIFIER=Intel64 Family 6 Model 141 Stepping 1, GenuineIntel



---------------  S Y S T E M  ---------------

OS: Windows 10 , 64 bit Build 22621 (10.0.22621.1485)
OS uptime: 2 days 13:53 hours

CPU:total 16 (initial active 16) (8 cores per cpu, 2 threads per core) family 6 model 141 stepping 1 microcode 0x3e, cmov, cx8, fxsr, mmx, sse, sse2, sse3, ssse3, sse4.1, sse4.2, popcnt, avx, avx2, aes, clmul, erms, 3dnowpref, lzcnt, ht, tsc, tscinvbit, bmi1, bmi2, adx, evex, sha, fma

Memory: 4k page, system-wide physical 16126M (331M free)
TotalPageFile size 42186M (AvailPageFile size 217M)
current process WorkingSet (physical memory assigned to process): 11M, peak: 11M
current process commit charge ("private bytes"): 71M, peak: 323M

vm_info: OpenJDK 64-Bit Server VM (11.0.12+7-b1504.28) for windows-amd64 JRE (11.0.12+7-b1504.28), built on Sep  3 2021 08:39:15 by "" with MS VC++ 14.0 (VS2015)

END.
